----------------------
System Information
----------------------

Uptime:
 20:04:58 up 6 min,  1 user,  load average: 0.07, 0.31, 0.21

CPU Usage:
%Cpu(s):  0.0 us,  0.0 sy,  0.0 ni,100.0 id,  0.0 wa,  0.0 hi,  0.0 si,  0.0 st 

Memory Usage:
               total        used        free      shared  buff/cache   available
Mem:           7.0Gi       1.1Gi       5.3Gi        40Mi       890Mi       5.9Gi
Swap:          4.0Gi          0B       4.0Gi

Disk Usage:
Filesystem      Size  Used Avail Use% Mounted on
tmpfs           718M  1.5M  716M   1% /run
/dev/sda2        25G   11G   13G  44% /
tmpfs           3.6G     0  3.6G   0% /dev/shm
tmpfs           5.0M  8.0K  5.0M   1% /run/lock
tmpfs           718M  124K  718M   1% /run/user/1000
/dev/sr0         58M   58M     0 100% /media/mustafa/VBox_GAs_7.1.6

Archiving logs...
Error: Log archiving failed (may require sudo permissions).

Script execution completed.
